#
# A fatal error has been detected by the Java Runtime Environment:
#
#  EXCEPTION_ACCESS_VIOLATION (0xc0000005) at pc=0x00007ffb755fa1a5, pid=16732, tid=9400
#
# JRE version: OpenJDK Runtime Environment Temurin-17.0.6+10 (17.0.6+10) (build 17.0.6+10)
# Java VM: OpenJDK 64-Bit Server VM Temurin-17.0.6+10 (17.0.6+10, mixed mode, tiered, compressed oops, compressed class ptrs, parallel gc, windows-amd64)
# Problematic frame:
# V  [jvm.dll+0x6aa1a5]
#
# No core dump will be written. Minidumps are not enabled by default on client versions of Windows
#
# If you would like to submit a bug report, please visit:
#   https://github.com/adoptium/adoptium-support/issues
#

---------------  S U M M A R Y ------------

Command Line: --add-modules=ALL-SYSTEM --add-opens=java.base/java.util=ALL-UNNAMED --add-opens=java.base/java.lang=ALL-UNNAMED --add-opens=java.base/sun.nio.fs=ALL-UNNAMED -Declipse.application=org.eclipse.jdt.ls.core.id1 -Dosgi.bundles.defaultStartLevel=4 -Declipse.product=org.eclipse.jdt.ls.core.product -Djava.import.generatesMetadataFilesAtProjectRoot=false -Dfile.encoding=utf8 -XX:+UseParallelGC -XX:GCTimeRatio=4 -XX:AdaptiveSizePolicyWeight=90 -Dsun.zip.disableMemoryMapping=true -Xmx1G -Xms100m -Xlog:disable -javaagent:c:\Users\Asus\.vscode\extensions\redhat.java-1.16.0-win32-x64\lombok\lombok-1.18.24.jar -XX:+HeapDumpOnOutOfMemoryError -XX:HeapDumpPath=c:\Users\Asus\AppData\Roaming\Code\User\workspaceStorage\87fad0421a21da747955e94ad1482091\redhat.java c:\Users\Asus\.vscode\extensions\redhat.java-1.16.0-win32-x64\server\plugins\org.eclipse.equinox.launcher_1.6.400.v20210924-0641.jar -configuration c:\Users\Asus\AppData\Roaming\Code\User\globalStorage\redhat.java\1.16.0\config_win -data c:\Users\Asus\AppData\Roaming\Code\User\workspaceStorage\87fad0421a21da747955e94ad1482091\redhat.java\jdt_ws

Host: Intel(R) Core(TM) i5-8250U CPU @ 1.60GHz, 8 cores, 11G,  Windows 10 , 64 bit Build 19041 (10.0.19041.2546)
Time: Sat Mar 18 18:21:53 2023  Windows 10 , 64 bit Build 19041 (10.0.19041.2546) elapsed time: 35.587856 seconds (0d 0h 0m 35s)

---------------  T H R E A D  ---------------

Current thread (0x000002d8c3c53c00):  GCTaskThread "GC Thread#5" [stack: 0x000000e560f00000,0x000000e561000000] [id=9400]

Stack: [0x000000e560f00000,0x000000e561000000],  sp=0x000000e560fff980,  free space=1022k
Native frames: (J=compiled Java code, j=interpreted, Vv=VM code, C=native code)
V  [jvm.dll+0x6aa1a5]
V  [jvm.dll+0x6b2711]
V  [jvm.dll+0x6b362a]
V  [jvm.dll+0x8612eb]
V  [jvm.dll+0x861336]
V  [jvm.dll+0x7e483a]
V  [jvm.dll+0x6762c5]
C  [ucrtbase.dll+0x21bb2]
C  [KERNEL32.DLL+0x17614]
C  [ntdll.dll+0x526a1]


siginfo: EXCEPTION_ACCESS_VIOLATION (0xc0000005), reading address 0xffffffffffffffff


Register to memory mapping:

RIP=0x00007ffb755fa1a5 jvm.dll
RAX=0x00000000000002d8 is an unknown value
RBX=0x000002d8c0fc1820 points into unknown readable memory: 0x000002d8ad2e0180 | 80 01 2e ad d8 02 00 00
RCX=0x000000e560fff9e0 points into unknown readable memory: 0x00007ffb758ff468 | 68 f4 8f 75 fb 7f 00 00
RDX=0x00000000c4c2d910 points into unknown readable memory: 0x0000000000000011 | 11 00 00 00 00 00 00 00
RSP=0x000000e560fff980 points into unknown readable memory: 0x00007ffb758ff468 | 68 f4 8f 75 fb 7f 00 00
RBP=0x000000e560fff9e9 points into unknown readable memory: 00 23 ad d8 02 00 00
RSI=0x00007ffb758ff468 jvm.dll
RDI=0x0000000000000ec3 is an unknown value
R8 =0x00000001000405c0 is pointing into metadata
R9 =0x0000000000000001 is an unknown value
R10=0x0 is NULL
R11=0x0000000000000098 is an unknown value
R12=0x0 is NULL
R13=0x0000000000000010 is an unknown value
R14=0x00007ffb7586a850 jvm.dll
R15=0x00007ffb75a63760 jvm.dll


Registers:
RAX=0x00000000000002d8, RBX=0x000002d8c0fc1820, RCX=0x000000e560fff9e0, RDX=0x00000000c4c2d910
RSP=0x000000e560fff980, RBP=0x000000e560fff9e9, RSI=0x00007ffb758ff468, RDI=0x0000000000000ec3
R8 =0x00000001000405c0, R9 =0x0000000000000001, R10=0x0000000000000000, R11=0x0000000000000098
R12=0x0000000000000000, R13=0x0000000000000010, R14=0x00007ffb7586a850, R15=0x00007ffb75a63760
RIP=0x00007ffb755fa1a5, EFLAGS=0x0000000000010206

Top of Stack: (sp=0x000000e560fff980)
0x000000e560fff980:   00007ffb758ff468 000002d8c0fc1820
0x000000e560fff990:   000000e560fff9e9 0000000000000ec4
0x000000e560fff9a0:   000002d8c0fc1820 00007ffb755fa7dd
0x000000e560fff9b0:   00000000c51ad9c0 0000000000000007
0x000000e560fff9c0:   00000000c23b5a38 00007ffb755f95cf
0x000000e560fff9d0:   000002d8c0fc1820 00007ffb755f80a1
0x000000e560fff9e0:   00007ffb758ff468 000002d8ad230070
0x000000e560fff9f0:   0000000000000003 000002d8c0fc1820
0x000000e560fffa00:   0000000000000000 0000000000000000
0x000000e560fffa10:   0000000000000001 00000000c5d35d68
0x000000e560fffa20:   000000e55fefeee8 00007ffb75a63760
0x000000e560fffa30:   000000000000000c 00007ffb758ff468
0x000000e560fffa40:   000002d8c0fc1820 00007ffb75602711
0x000000e560fffa50:   000000000000000c 00001a4400000ebb
0x000000e560fffa60:   000002d8c0fc1820 00001a4300000ebb
0x000000e560fffa70:   00000000c5d0e1b8 00007ffb00009800 

Instructions: (pc=0x00007ffb755fa1a5)
0x00007ffb755fa0a5:   00 0f 86 17 01 00 00 ff cf 81 e7 ff ff 01 00 89
0x00007ffb755fa0b5:   bb 80 00 00 00 e8 a1 e2 fb ff 48 8b 83 80 01 00
0x00007ffb755fa0c5:   00 8b cf 44 8b c7 48 8b 14 f8 8b 83 00 01 00 00
0x00007ffb755fa0d5:   2b c8 81 e1 ff ff 01 00 81 f9 ff ff 01 00 41 0f
0x00007ffb755fa0e5:   44 cc 85 c9 75 3e 48 8b 83 00 01 00 00 48 8b c8
0x00007ffb755fa0f5:   48 89 45 7f 48 c1 e9 20 ff c1 89 7d 6f 89 4d 73
0x00007ffb755fa105:   3b f8 0f 85 a5 00 00 00 48 c1 e1 20 49 0b c8 f0
0x00007ffb755fa115:   48 0f b1 8b 00 01 00 00 0f 85 8f 00 00 00 8b 83
0x00007ffb755fa125:   00 01 00 00 44 0f b6 0d 4e 03 4c 00 8b 0d b1 41
0x00007ffb755fa135:   45 00 4c 8b 15 a2 41 45 00 45 84 c9 74 0f 44 8b
0x00007ffb755fa145:   42 08 41 8b c0 48 d3 e0 49 03 c2 eb 07 48 8b 42
0x00007ffb755fa155:   08 44 8b c0 81 78 08 00 00 00 c0 7d 10 45 33 c0
0x00007ffb755fa165:   48 8b cb e8 d3 fb ff ff e9 1e ff ff ff 48 8b 05
0x00007ffb755fa175:   b7 9c 4d 00 48 89 45 ff c7 45 07 03 00 00 00 48
0x00007ffb755fa185:   89 75 f7 48 89 5d 0f 45 84 c9 74 08 49 d3 e0 4d
0x00007ffb755fa195:   03 c2 eb 04 4c 8b 42 08 49 63 40 0c 48 8d 4d f7
0x00007ffb755fa1a5:   41 ff 14 c7 4c 89 75 f7 e9 de fe ff ff 48 8b 45
0x00007ffb755fa1b5:   6f 48 89 83 00 01 00 00 8b 83 00 01 00 00 4c 89
0x00007ffb755fa1c5:   65 c7 44 89 65 cf 4c 39 a3 80 05 00 00 0f 85 ae
0x00007ffb755fa1d5:   00 00 00 8b bb 48 03 00 00 8b cf 8b 83 c8 03 00
0x00007ffb755fa1e5:   00 2b c8 81 e1 ff 1f 00 00 0f 86 ce 00 00 00 ff
0x00007ffb755fa1f5:   cf 81 e7 ff 1f 00 00 89 bb 48 03 00 00 e8 59 e1
0x00007ffb755fa205:   fb ff 48 8b 83 48 04 00 00 8b cf 48 03 c9 8b d7
0x00007ffb755fa215:   0f 10 04 c8 8b 83 c8 03 00 00 8b cf 2b c8 81 e1
0x00007ffb755fa225:   ff 1f 00 00 0f 29 45 c7 81 f9 ff 1f 00 00 41 0f
0x00007ffb755fa235:   44 cc 85 c9 75 77 48 8b 83 c8 03 00 00 48 8b c8
0x00007ffb755fa245:   48 89 45 b7 48 c1 e9 20 ff c1 89 7d 77 89 4d 7b
0x00007ffb755fa255:   3b f8 75 1a 48 c1 e1 20 48 0b ca f0 48 0f b1 8b
0x00007ffb755fa265:   c8 03 00 00 75 08 8b 83 c8 03 00 00 eb 3f 48 8b
0x00007ffb755fa275:   45 77 48 89 83 c8 03 00 00 8b 83 c8 03 00 00 eb
0x00007ffb755fa285:   3c 48 8d 8b 48 05 00 00 48 ff 49 20 4c 8b 41 20
0x00007ffb755fa295:   48 8b 41 38 49 8b d0 48 03 d2 0f 10 34 d0 4d 85 


Stack slot to memory mapping:
stack at sp + 0 slots: 0x00007ffb758ff468 jvm.dll
stack at sp + 1 slots: 0x000002d8c0fc1820 points into unknown readable memory: 0x000002d8ad2e0180 | 80 01 2e ad d8 02 00 00
stack at sp + 2 slots: 0x000000e560fff9e9 points into unknown readable memory: 00 23 ad d8 02 00 00
stack at sp + 3 slots: 0x0000000000000ec4 is an unknown value
stack at sp + 4 slots: 0x000002d8c0fc1820 points into unknown readable memory: 0x000002d8ad2e0180 | 80 01 2e ad d8 02 00 00
stack at sp + 5 slots: 0x00007ffb755fa7dd jvm.dll
stack at sp + 6 slots: 0x00000000c51ad9c0 is an oop: com.google.gson.internal.LinkedTreeMap 
{0x00000000c51ad9c0} - klass: 'com/google/gson/internal/LinkedTreeMap'
 - ---- fields (total size 7 words):
 - transient 'keySet' 'Ljava/util/Set;' @12  NULL (0)
 - transient 'values' 'Ljava/util/Collection;' @16  NULL (0)
 - 'size' 'I' @20  23 (17)
 - 'modCount' 'I' @24  23 (17)
 - private final 'allowNullValues' 'Z' @28  true
 - private final 'comparator' 'Ljava/util/Comparator;' @32  a 'com/google/gson/internal/LinkedTreeMap$1'{0x00000000c0c459a8} (c0c459a8)
 - 'root' 'Lcom/google/gson/internal/LinkedTreeMap$Node;' @36  a 'com/google/gson/internal/LinkedTreeMap$Node'{0x00000000c51ad9f8} (c51ad9f8)
 - final 'header' 'Lcom/google/gson/internal/LinkedTreeMap$Node;' @40  a 'com/google/gson/internal/LinkedTreeMap$Node'{0x00000000c51adab8} (c51adab8)
 - private 'entrySet' 'Lcom/google/gson/internal/LinkedTreeMap$EntrySet;' @44  NULL (0)
 - private 'keySet' 'Lcom/google/gson/internal/LinkedTreeMap$KeySet;' @48  NULL (0)
stack at sp + 7 slots: 0x0000000000000007 is an unknown value


---------------  P R O C E S S  ---------------

Threads class SMR info:
_java_thread_list=0x000002d8ca5aaed0, length=35, elements={
0x000002d8ad230af0, 0x000002d8ad2e5b90, 0x000002d8ad2e73b0, 0x000002d8c2b1eb90,
0x000002d8c2b1f5b0, 0x000002d8c2b20220, 0x000002d8c2b20e90, 0x000002d8c2b21c20,
0x000002d8ad2eaf60, 0x000002d8c2bd8470, 0x000002d8c2c3ea70, 0x000002d8c2e75ea0,
0x000002d8c4ed14b0, 0x000002d8c5483800, 0x000002d8c5483cd0, 0x000002d8c5483010,
0x000002d8c4ea36d0, 0x000002d8c55120e0, 0x000002d8c556a590, 0x000002d8c5567570,
0x000002d8c55683e0, 0x000002d8c5567a40, 0x000002d8c556aa60, 0x000002d8c5568d80,
0x000002d8c5569250, 0x000002d8c55688b0, 0x000002d8c5567f10, 0x000002d8c5569bf0,
0x000002d8c55670a0, 0x000002d8c556a0c0, 0x000002d8c741c9f0, 0x000002d8c741b6b0,
0x000002d8c741e200, 0x000002d8cb767490, 0x000002d8c8ba4ff0
}

Java Threads: ( => current thread )
  0x000002d8ad230af0 JavaThread "main" [_thread_blocked, id=10652, stack(0x000000e55fc00000,0x000000e55fd00000)]
  0x000002d8ad2e5b90 JavaThread "Reference Handler" daemon [_thread_blocked, id=6092, stack(0x000000e55ff00000,0x000000e560000000)]
  0x000002d8ad2e73b0 JavaThread "Finalizer" daemon [_thread_blocked, id=7816, stack(0x000000e560000000,0x000000e560100000)]
  0x000002d8c2b1eb90 JavaThread "Signal Dispatcher" daemon [_thread_blocked, id=19700, stack(0x000000e560100000,0x000000e560200000)]
  0x000002d8c2b1f5b0 JavaThread "Attach Listener" daemon [_thread_blocked, id=19532, stack(0x000000e560200000,0x000000e560300000)]
  0x000002d8c2b20220 JavaThread "Service Thread" daemon [_thread_blocked, id=10620, stack(0x000000e560300000,0x000000e560400000)]
  0x000002d8c2b20e90 JavaThread "Monitor Deflation Thread" daemon [_thread_blocked, id=19540, stack(0x000000e560400000,0x000000e560500000)]
  0x000002d8c2b21c20 JavaThread "C2 CompilerThread0" daemon [_thread_blocked, id=19420, stack(0x000000e560500000,0x000000e560600000)]
  0x000002d8ad2eaf60 JavaThread "C1 CompilerThread0" daemon [_thread_blocked, id=1236, stack(0x000000e560600000,0x000000e560700000)]
  0x000002d8c2bd8470 JavaThread "Sweeper thread" daemon [_thread_blocked, id=16824, stack(0x000000e560700000,0x000000e560800000)]
  0x000002d8c2c3ea70 JavaThread "Common-Cleaner" daemon [_thread_blocked, id=9024, stack(0x000000e560800000,0x000000e560900000)]
  0x000002d8c2e75ea0 JavaThread "Notification Thread" daemon [_thread_blocked, id=6864, stack(0x000000e560a00000,0x000000e560b00000)]
  0x000002d8c4ed14b0 JavaThread "Active Thread: Equinox Container: fbb573b7-0f69-4250-b14f-ab9d3ddea938" [_thread_blocked, id=19044, stack(0x000000e561300000,0x000000e561400000)]
  0x000002d8c5483800 JavaThread "Framework Event Dispatcher: Equinox Container: fbb573b7-0f69-4250-b14f-ab9d3ddea938" daemon [_thread_blocked, id=19912, stack(0x000000e561400000,0x000000e561500000)]
  0x000002d8c5483cd0 JavaThread "Start Level: Equinox Container: fbb573b7-0f69-4250-b14f-ab9d3ddea938" daemon [_thread_blocked, id=13216, stack(0x000000e561500000,0x000000e561600000)]
  0x000002d8c5483010 JavaThread "SCR Component Actor" daemon [_thread_blocked, id=14596, stack(0x000000e561600000,0x000000e561700000)]
  0x000002d8c4ea36d0 JavaThread "Bundle File Closer" daemon [_thread_blocked, id=8964, stack(0x000000e561800000,0x000000e561900000)]
  0x000002d8c55120e0 JavaThread "Worker-JM" [_thread_blocked, id=1640, stack(0x000000e561900000,0x000000e561a00000)]
  0x000002d8c556a590 JavaThread "Worker-0" [_thread_blocked, id=13308, stack(0x000000e561100000,0x000000e561200000)]
  0x000002d8c5567570 JavaThread "Worker-1" [_thread_blocked, id=6508, stack(0x000000e561a00000,0x000000e561b00000)]
  0x000002d8c55683e0 JavaThread "Java indexing" daemon [_thread_blocked, id=8556, stack(0x000000e561d00000,0x000000e561e00000)]
  0x000002d8c5567a40 JavaThread "JNA Cleaner" daemon [_thread_blocked, id=19060, stack(0x000000e561b00000,0x000000e561c00000)]
  0x000002d8c556aa60 JavaThread "pool-2-thread-1" [_thread_blocked, id=6264, stack(0x000000e561c00000,0x000000e561d00000)]
  0x000002d8c5568d80 JavaThread "Worker-2" [_thread_blocked, id=9332, stack(0x000000e561e00000,0x000000e561f00000)]
  0x000002d8c5569250 JavaThread "Worker-3" [_thread_blocked, id=1616, stack(0x000000e562100000,0x000000e562200000)]
  0x000002d8c55688b0 JavaThread "pool-1-thread-1" [_thread_blocked, id=17896, stack(0x000000e562200000,0x000000e562300000)]
  0x000002d8c5567f10 JavaThread "ForkJoinPool.commonPool-worker-1" daemon [_thread_blocked, id=16144, stack(0x000000e561700000,0x000000e561800000)]
  0x000002d8c5569bf0 JavaThread "ForkJoinPool.commonPool-worker-2" daemon [_thread_blocked, id=8772, stack(0x000000e562300000,0x000000e562400000)]
  0x000002d8c55670a0 JavaThread "ForkJoinPool.commonPool-worker-3" daemon [_thread_blocked, id=19072, stack(0x000000e562400000,0x000000e562500000)]
  0x000002d8c556a0c0 JavaThread "ForkJoinPool.commonPool-worker-4" daemon [_thread_blocked, id=2028, stack(0x000000e562500000,0x000000e562600000)]
  0x000002d8c741c9f0 JavaThread "ForkJoinPool.commonPool-worker-5" daemon [_thread_blocked, id=2612, stack(0x000000e562600000,0x000000e562700000)]
  0x000002d8c741b6b0 JavaThread "ForkJoinPool.commonPool-worker-6" daemon [_thread_blocked, id=20256, stack(0x000000e562700000,0x000000e562800000)]
  0x000002d8c741e200 JavaThread "ForkJoinPool.commonPool-worker-7" daemon [_thread_blocked, id=13732, stack(0x000000e562800000,0x000000e562900000)]
  0x000002d8cb767490 JavaThread "C2 CompilerThread1" daemon [_thread_blocked, id=19096, stack(0x000000e562900000,0x000000e562a00000)]
  0x000002d8c8ba4ff0 JavaThread "C2 CompilerThread2" daemon [_thread_blocked, id=19480, stack(0x000000e562a00000,0x000000e562b00000)]

Other Threads:
  0x000002d8c10a97a0 VMThread "VM Thread" [stack: 0x000000e55fe00000,0x000000e55ff00000] [id=8056]
  0x000002d8c2e76370 WatcherThread [stack: 0x000000e560b00000,0x000000e560c00000] [id=19052]
  0x000002d8ad2466b0 GCTaskThread "GC Thread#0" [stack: 0x000000e55fd00000,0x000000e55fe00000] [id=19684]
  0x000002d8c3c52e90 GCTaskThread "GC Thread#1" [stack: 0x000000e560900000,0x000000e560a00000] [id=4468]
  0x000002d8c3c53140 GCTaskThread "GC Thread#2" [stack: 0x000000e560c00000,0x000000e560d00000] [id=20184]
  0x000002d8c3c53eb0 GCTaskThread "GC Thread#3" [stack: 0x000000e560d00000,0x000000e560e00000] [id=7336]
  0x000002d8c3c536a0 GCTaskThread "GC Thread#4" [stack: 0x000000e560e00000,0x000000e560f00000] [id=19992]
=>0x000002d8c3c53c00 GCTaskThread "GC Thread#5" [stack: 0x000000e560f00000,0x000000e561000000] [id=9400]
  0x000002d8c3c533f0 GCTaskThread "GC Thread#6" [stack: 0x000000e561000000,0x000000e561100000] [id=10476]
  0x000002d8c3c546c0 GCTaskThread "GC Thread#7" [stack: 0x000000e561200000,0x000000e561300000] [id=19812]

Threads with active compile tasks:
C2 CompilerThread0    35654 7819   !   4       org.eclipse.jdt.internal.core.NameLookup::seekPackageFragments (152 bytes)
C2 CompilerThread1    35654 7852       4       org.eclipse.jdt.internal.compiler.util.HashtableOfObject::putUnsafely (78 bytes)
C2 CompilerThread2    35654 7799       4       org.eclipse.jdt.internal.compiler.lookup.SplitPackageBinding::getPackage0 (92 bytes)

VM state: at safepoint (normal execution)

VM Mutex/Monitor currently owned by a thread:  ([mutex/lock_event])
[0x000002d8ad22af80] Threads_lock - owner thread: 0x000002d8c10a97a0
[0x000002d8ad22c720] Heap_lock - owner thread: 0x000002d8c741c9f0

Heap address: 0x00000000c0000000, size: 1024 MB, Compressed Oops mode: 32-bit

CDS archive(s) not mapped
Compressed class space mapped at: 0x0000000100000000-0x0000000140000000, reserved size: 1073741824
Narrow klass base: 0x0000000000000000, Narrow klass shift: 3, Narrow klass range: 0x140000000

GC Precious Log:
 CPUs: 8 total, 8 available
 Memory: 12169M
 Large Page Support: Disabled
 NUMA Support: Disabled
 Compressed Oops: Enabled (32-bit)
 Alignments: Space 512K, Generation 512K, Heap 2M
 Heap Min Capacity: 100M
 Heap Initial Capacity: 100M
 Heap Max Capacity: 1G
 Pre-touch: Disabled
 Parallel Workers: 8

Heap:
 PSYoungGen      total 4608K, used 497K [0x00000000eab00000, 0x00000000eba80000, 0x0000000100000000)
  eden space 4096K, 0% used [0x00000000eab00000,0x00000000eab00000,0x00000000eaf00000)
  from space 512K, 97% used [0x00000000eba00000,0x00000000eba7c758,0x00000000eba80000)
  to   space 5632K, 0% used [0x00000000eaf80000,0x00000000eaf80000,0x00000000eb500000)
 ParOldGen       total 100864K, used 98710K [0x00000000c0000000, 0x00000000c6280000, 0x00000000eab00000)
  object space 100864K, 97% used [0x00000000c0000000,0x00000000c6065918,0x00000000c6280000)
 Metaspace       used 65327K, committed 66304K, reserved 1114112K
  class space    used 6868K, committed 7296K, reserved 1048576K

Card table byte_map: [0x000002d8acbd0000,0x000002d8acde0000] _byte_map_base: 0x000002d8ac5d0000

Marking Bits: (ParMarkBitMap*) 0x00007ffb75ad3e70
 Begin Bits: [0x000002d8beeb0000, 0x000002d8bfeb0000)
 End Bits:   [0x000002d8bfeb0000, 0x000002d8c0eb0000)

Polling page: 0x000002d8ab120000

Metaspace:

Usage:
  Non-class:     57.09 MB used.
      Class:      6.71 MB used.
       Both:     63.80 MB used.

Virtual space:
  Non-class space:       64.00 MB reserved,      57.62 MB ( 90%) committed,  8 nodes.
      Class space:        1.00 GB reserved,       7.12 MB ( <1%) committed,  1 nodes.
             Both:        1.06 GB reserved,      64.75 MB (  6%) committed. 

Chunk freelists:
   Non-Class:  1.59 MB
       Class:  864.00 KB
        Both:  2.44 MB

MaxMetaspaceSize: unlimited
CompressedClassSpaceSize: 1.00 GB
Initial GC threshold: 21.00 MB
Current GC threshold: 103.25 MB
CDS: off
MetaspaceReclaimPolicy: balanced
 - commit_granule_bytes: 65536.
 - commit_granule_words: 8192.
 - virtual_space_node_default_size: 1048576.
 - enlarge_chunks_in_place: 1.
 - new_chunks_are_fully_committed: 0.
 - uncommit_free_chunks: 1.
 - use_allocation_guard: 0.
 - handle_deallocations: 1.


Internal statistics:

num_allocs_failed_limit: 9.
num_arena_births: 456.
num_arena_deaths: 14.
num_vsnodes_births: 9.
num_vsnodes_deaths: 0.
num_space_committed: 1036.
num_space_uncommitted: 0.
num_chunks_returned_to_freelist: 23.
num_chunks_taken_from_freelist: 2959.
num_chunk_merges: 13.
num_chunk_splits: 1923.
num_chunks_enlarged: 1217.
num_purges: 2.
num_inconsistent_stats: 0.

CodeHeap 'non-profiled nmethods': size=120000Kb used=4350Kb max_used=4350Kb free=115649Kb
 bounds [0x000002d8b7980000, 0x000002d8b7dd0000, 0x000002d8beeb0000]
CodeHeap 'profiled nmethods': size=120000Kb used=13988Kb max_used=14168Kb free=106011Kb
 bounds [0x000002d8afeb0000, 0x000002d8b0c90000, 0x000002d8b73e0000]
CodeHeap 'non-nmethods': size=5760Kb used=1349Kb max_used=1466Kb free=4410Kb
 bounds [0x000002d8b73e0000, 0x000002d8b7650000, 0x000002d8b7980000]
 total_blobs=7164 nmethods=6472 adapters=606
 compilation: enabled
              stopped_count=0, restarted_count=0
 full_count=0

Compilation events (20 events):
Event: 35.537 Thread 0x000002d8ad2eaf60 7840       3       org.eclipse.jdt.internal.codeassist.CompletionEngine::isFailedMatch (67 bytes)
Event: 35.537 Thread 0x000002d8ad2eaf60 nmethod 7840 0x000002d8b0993e10 code [0x000002d8b0994000, 0x000002d8b0994598]
Event: 35.537 Thread 0x000002d8ad2eaf60 7841       3       org.eclipse.jdt.core.compiler.CharOperation::camelCaseMatch (25 bytes)
Event: 35.537 Thread 0x000002d8ad2eaf60 nmethod 7841 0x000002d8b0993990 code [0x000002d8b0993b40, 0x000002d8b0993d48]
Event: 35.537 Thread 0x000002d8ad2eaf60 7842       3       org.eclipse.jdt.core.compiler.CharOperation::camelCaseMatch (366 bytes)
Event: 35.538 Thread 0x000002d8ad2eaf60 nmethod 7842 0x000002d8b0990a90 code [0x000002d8b0990ee0, 0x000002d8b0992f58]
Event: 35.538 Thread 0x000002d8ad2eaf60 7851       3       java.io.FileInputStream::read (8 bytes)
Event: 35.538 Thread 0x000002d8ad2eaf60 nmethod 7851 0x000002d8b0990710 code [0x000002d8b09908a0, 0x000002d8b09909e8]
Event: 35.538 Thread 0x000002d8ad2eaf60 7837       3       org.eclipse.jdt.internal.compiler.lookup.ReferenceBinding::signature (29 bytes)
Event: 35.538 Thread 0x000002d8ad2eaf60 nmethod 7837 0x000002d8b0990210 code [0x000002d8b09903c0, 0x000002d8b0990658]
Event: 35.538 Thread 0x000002d8ad2eaf60 7831       1       org.eclipse.jdt.ls.core.internal.preferences.PreferenceManager::getPreferences (5 bytes)
Event: 35.538 Thread 0x000002d8ad2eaf60 nmethod 7831 0x000002d8b7d16610 code [0x000002d8b7d167a0, 0x000002d8b7d16878]
Event: 35.538 Thread 0x000002d8ad2eaf60 7846       1       org.eclipse.core.internal.jobs.InternalJob::getListeners (5 bytes)
Event: 35.539 Thread 0x000002d8ad2eaf60 nmethod 7846 0x000002d8b7d16310 code [0x000002d8b7d164a0, 0x000002d8b7d16578]
Event: 35.541 Thread 0x000002d8ad2eaf60 7854       3       org.eclipse.jdt.internal.core.index.DiskIndex::readStreamBuffer (76 bytes)
Event: 35.541 Thread 0x000002d8ad2eaf60 nmethod 7854 0x000002d8b098fa10 code [0x000002d8b098fbe0, 0x000002d8b0990088]
Event: 35.542 Thread 0x000002d8ad2eaf60 7856       3       org.eclipse.jdt.internal.core.index.DiskIndex::readStreamDocumentArray (267 bytes)
Event: 35.542 Thread 0x000002d8ad2eaf60 nmethod 7856 0x000002d8b098e990 code [0x000002d8b098ebc0, 0x000002d8b098f668]
Event: 35.544 Thread 0x000002d8cb767490 nmethod 7797 0x000002d8b7dbc590 code [0x000002d8b7dbc900, 0x000002d8b7dbec48]
Event: 35.545 Thread 0x000002d8cb767490 7852       4       org.eclipse.jdt.internal.compiler.util.HashtableOfObject::putUnsafely (78 bytes)

GC Heap History (20 events):
Event: 33.350 GC heap after
{Heap after GC invocations=46 (full 4):
 PSYoungGen      total 5120K, used 1024K [0x00000000eab00000, 0x00000000ebc80000, 0x0000000100000000)
  eden space 4096K, 0% used [0x00000000eab00000,0x00000000eab00000,0x00000000eaf00000)
  from space 1024K, 100% used [0x00000000eba80000,0x00000000ebb80000,0x00000000ebb80000)
  to   space 1024K, 0% used [0x00000000ebb80000,0x00000000ebb80000,0x00000000ebc80000)
 ParOldGen       total 100864K, used 90608K [0x00000000c0000000, 0x00000000c6280000, 0x00000000eab00000)
  object space 100864K, 89% used [0x00000000c0000000,0x00000000c587c3d8,0x00000000c6280000)
 Metaspace       used 64283K, committed 65280K, reserved 1114112K
  class space    used 6757K, committed 7168K, reserved 1048576K
}
Event: 34.697 GC heap before
{Heap before GC invocations=47 (full 4):
 PSYoungGen      total 5120K, used 5120K [0x00000000eab00000, 0x00000000ebc80000, 0x0000000100000000)
  eden space 4096K, 100% used [0x00000000eab00000,0x00000000eaf00000,0x00000000eaf00000)
  from space 1024K, 100% used [0x00000000eba80000,0x00000000ebb80000,0x00000000ebb80000)
  to   space 1024K, 0% used [0x00000000ebb80000,0x00000000ebb80000,0x00000000ebc80000)
 ParOldGen       total 100864K, used 90608K [0x00000000c0000000, 0x00000000c6280000, 0x00000000eab00000)
  object space 100864K, 89% used [0x00000000c0000000,0x00000000c587c3d8,0x00000000c6280000)
 Metaspace       used 64514K, committed 65536K, reserved 1114112K
  class space    used 6776K, committed 7232K, reserved 1048576K
}
Event: 34.700 GC heap after
{Heap after GC invocations=47 (full 4):
 PSYoungGen      total 5120K, used 992K [0x00000000eab00000, 0x00000000ebc80000, 0x0000000100000000)
  eden space 4096K, 0% used [0x00000000eab00000,0x00000000eab00000,0x00000000eaf00000)
  from space 1024K, 96% used [0x00000000ebb80000,0x00000000ebc78000,0x00000000ebc80000)
  to   space 1536K, 0% used [0x00000000eb980000,0x00000000eb980000,0x00000000ebb00000)
 ParOldGen       total 100864K, used 91640K [0x00000000c0000000, 0x00000000c6280000, 0x00000000eab00000)
  object space 100864K, 90% used [0x00000000c0000000,0x00000000c597e3d8,0x00000000c6280000)
 Metaspace       used 64514K, committed 65536K, reserved 1114112K
  class space    used 6776K, committed 7232K, reserved 1048576K
}
Event: 34.757 GC heap before
{Heap before GC invocations=48 (full 4):
 PSYoungGen      total 5120K, used 5088K [0x00000000eab00000, 0x00000000ebc80000, 0x0000000100000000)
  eden space 4096K, 100% used [0x00000000eab00000,0x00000000eaf00000,0x00000000eaf00000)
  from space 1024K, 96% used [0x00000000ebb80000,0x00000000ebc78000,0x00000000ebc80000)
  to   space 1536K, 0% used [0x00000000eb980000,0x00000000eb980000,0x00000000ebb00000)
 ParOldGen       total 100864K, used 91640K [0x00000000c0000000, 0x00000000c6280000, 0x00000000eab00000)
  object space 100864K, 90% used [0x00000000c0000000,0x00000000c597e3d8,0x00000000c6280000)
 Metaspace       used 64540K, committed 65536K, reserved 1114112K
  class space    used 6776K, committed 7232K, reserved 1048576K
}
Event: 34.758 GC heap after
{Heap after GC invocations=48 (full 4):
 PSYoungGen      total 5632K, used 1296K [0x00000000eab00000, 0x00000000ebc00000, 0x0000000100000000)
  eden space 4096K, 0% used [0x00000000eab00000,0x00000000eab00000,0x00000000eaf00000)
  from space 1536K, 84% used [0x00000000eb980000,0x00000000ebac4010,0x00000000ebb00000)
  to   space 1024K, 0% used [0x00000000ebb00000,0x00000000ebb00000,0x00000000ebc00000)
 ParOldGen       total 100864K, used 91648K [0x00000000c0000000, 0x00000000c6280000, 0x00000000eab00000)
  object space 100864K, 90% used [0x00000000c0000000,0x00000000c59803d8,0x00000000c6280000)
 Metaspace       used 64540K, committed 65536K, reserved 1114112K
  class space    used 6776K, committed 7232K, reserved 1048576K
}
Event: 35.003 GC heap before
{Heap before GC invocations=49 (full 4):
 PSYoungGen      total 5632K, used 5392K [0x00000000eab00000, 0x00000000ebc00000, 0x0000000100000000)
  eden space 4096K, 99% used [0x00000000eab00000,0x00000000eaeffff0,0x00000000eaf00000)
  from space 1536K, 84% used [0x00000000eb980000,0x00000000ebac4010,0x00000000ebb00000)
  to   space 1024K, 0% used [0x00000000ebb00000,0x00000000ebb00000,0x00000000ebc00000)
 ParOldGen       total 100864K, used 91648K [0x00000000c0000000, 0x00000000c6280000, 0x00000000eab00000)
  object space 100864K, 90% used [0x00000000c0000000,0x00000000c59803d8,0x00000000c6280000)
 Metaspace       used 64556K, committed 65600K, reserved 1114112K
  class space    used 6776K, committed 7232K, reserved 1048576K
}
Event: 35.004 GC heap after
{Heap after GC invocations=49 (full 4):
 PSYoungGen      total 5120K, used 624K [0x00000000eab00000, 0x00000000ebc00000, 0x0000000100000000)
  eden space 4096K, 0% used [0x00000000eab00000,0x00000000eab00000,0x00000000eaf00000)
  from space 1024K, 60% used [0x00000000ebb00000,0x00000000ebb9c010,0x00000000ebc00000)
  to   space 1024K, 0% used [0x00000000eba00000,0x00000000eba00000,0x00000000ebb00000)
 ParOldGen       total 100864K, used 91648K [0x00000000c0000000, 0x00000000c6280000, 0x00000000eab00000)
  object space 100864K, 90% used [0x00000000c0000000,0x00000000c59803d8,0x00000000c6280000)
 Metaspace       used 64556K, committed 65600K, reserved 1114112K
  class space    used 6776K, committed 7232K, reserved 1048576K
}
Event: 35.046 GC heap before
{Heap before GC invocations=50 (full 4):
 PSYoungGen      total 5120K, used 4720K [0x00000000eab00000, 0x00000000ebc00000, 0x0000000100000000)
  eden space 4096K, 100% used [0x00000000eab00000,0x00000000eaf00000,0x00000000eaf00000)
  from space 1024K, 60% used [0x00000000ebb00000,0x00000000ebb9c010,0x00000000ebc00000)
  to   space 1024K, 0% used [0x00000000eba00000,0x00000000eba00000,0x00000000ebb00000)
 ParOldGen       total 100864K, used 91648K [0x00000000c0000000, 0x00000000c6280000, 0x00000000eab00000)
  object space 100864K, 90% used [0x00000000c0000000,0x00000000c59803d8,0x00000000c6280000)
 Metaspace       used 64662K, committed 65664K, reserved 1114112K
  class space    used 6776K, committed 7232K, reserved 1048576K
}
Event: 35.047 GC heap after
{Heap after GC invocations=50 (full 4):
 PSYoungGen      total 5120K, used 1008K [0x00000000eab00000, 0x00000000ebb80000, 0x0000000100000000)
  eden space 4096K, 0% used [0x00000000eab00000,0x00000000eab00000,0x00000000eaf00000)
  from space 1024K, 98% used [0x00000000eba00000,0x00000000ebafc010,0x00000000ebb00000)
  to   space 512K, 0% used [0x00000000ebb00000,0x00000000ebb00000,0x00000000ebb80000)
 ParOldGen       total 100864K, used 91768K [0x00000000c0000000, 0x00000000c6280000, 0x00000000eab00000)
  object space 100864K, 90% used [0x00000000c0000000,0x00000000c599e3d8,0x00000000c6280000)
 Metaspace       used 64662K, committed 65664K, reserved 1114112K
  class space    used 6776K, committed 7232K, reserved 1048576K
}
Event: 35.078 GC heap before
{Heap before GC invocations=51 (full 4):
 PSYoungGen      total 5120K, used 5104K [0x00000000eab00000, 0x00000000ebb80000, 0x0000000100000000)
  eden space 4096K, 100% used [0x00000000eab00000,0x00000000eaf00000,0x00000000eaf00000)
  from space 1024K, 98% used [0x00000000eba00000,0x00000000ebafc010,0x00000000ebb00000)
  to   space 512K, 0% used [0x00000000ebb00000,0x00000000ebb00000,0x00000000ebb80000)
 ParOldGen       total 100864K, used 91768K [0x00000000c0000000, 0x00000000c6280000, 0x00000000eab00000)
  object space 100864K, 90% used [0x00000000c0000000,0x00000000c599e3d8,0x00000000c6280000)
 Metaspace       used 64710K, committed 65728K, reserved 1114112K
  class space    used 6776K, committed 7232K, reserved 1048576K
}
Event: 35.080 GC heap after
{Heap after GC invocations=51 (full 4):
 PSYoungGen      total 4608K, used 512K [0x00000000eab00000, 0x00000000ebb80000, 0x0000000100000000)
  eden space 4096K, 0% used [0x00000000eab00000,0x00000000eab00000,0x00000000eaf00000)
  from space 512K, 100% used [0x00000000ebb00000,0x00000000ebb80000,0x00000000ebb80000)
  to   space 2048K, 0% used [0x00000000eb780000,0x00000000eb780000,0x00000000eb980000)
 ParOldGen       total 100864K, used 92931K [0x00000000c0000000, 0x00000000c6280000, 0x00000000eab00000)
  object space 100864K, 92% used [0x00000000c0000000,0x00000000c5ac0d18,0x00000000c6280000)
 Metaspace       used 64710K, committed 65728K, reserved 1114112K
  class space    used 6776K, committed 7232K, reserved 1048576K
}
Event: 35.211 GC heap before
{Heap before GC invocations=52 (full 4):
 PSYoungGen      total 4608K, used 4608K [0x00000000eab00000, 0x00000000ebb80000, 0x0000000100000000)
  eden space 4096K, 100% used [0x00000000eab00000,0x00000000eaf00000,0x00000000eaf00000)
  from space 512K, 100% used [0x00000000ebb00000,0x00000000ebb80000,0x00000000ebb80000)
  to   space 2048K, 0% used [0x00000000eb780000,0x00000000eb780000,0x00000000eb980000)
 ParOldGen       total 100864K, used 92931K [0x00000000c0000000, 0x00000000c6280000, 0x00000000eab00000)
  object space 100864K, 92% used [0x00000000c0000000,0x00000000c5ac0d18,0x00000000c6280000)
 Metaspace       used 64737K, committed 65792K, reserved 1114112K
  class space    used 6777K, committed 7232K, reserved 1048576K
}
Event: 35.212 GC heap after
{Heap after GC invocations=52 (full 4):
 PSYoungGen      total 6144K, used 896K [0x00000000eab00000, 0x00000000ebb80000, 0x0000000100000000)
  eden space 4096K, 0% used [0x00000000eab00000,0x00000000eab00000,0x00000000eaf00000)
  from space 2048K, 43% used [0x00000000eb780000,0x00000000eb860000,0x00000000eb980000)
  to   space 1536K, 0% used [0x00000000eba00000,0x00000000eba00000,0x00000000ebb80000)
 ParOldGen       total 100864K, used 93400K [0x00000000c0000000, 0x00000000c6280000, 0x00000000eab00000)
  object space 100864K, 92% used [0x00000000c0000000,0x00000000c5b361b8,0x00000000c6280000)
 Metaspace       used 64737K, committed 65792K, reserved 1114112K
  class space    used 6777K, committed 7232K, reserved 1048576K
}
Event: 35.445 GC heap before
{Heap before GC invocations=53 (full 4):
 PSYoungGen      total 6144K, used 4992K [0x00000000eab00000, 0x00000000ebb80000, 0x0000000100000000)
  eden space 4096K, 100% used [0x00000000eab00000,0x00000000eaf00000,0x00000000eaf00000)
  from space 2048K, 43% used [0x00000000eb780000,0x00000000eb860000,0x00000000eb980000)
  to   space 1536K, 0% used [0x00000000eba00000,0x00000000eba00000,0x00000000ebb80000)
 ParOldGen       total 100864K, used 93400K [0x00000000c0000000, 0x00000000c6280000, 0x00000000eab00000)
  object space 100864K, 92% used [0x00000000c0000000,0x00000000c5b361b8,0x00000000c6280000)
 Metaspace       used 65057K, committed 65984K, reserved 1114112K
  class space    used 6847K, committed 7232K, reserved 1048576K
}
Event: 35.448 GC heap after
{Heap after GC invocations=53 (full 4):
 PSYoungGen      total 5632K, used 1376K [0x00000000eab00000, 0x00000000ebb80000, 0x0000000100000000)
  eden space 4096K, 0% used [0x00000000eab00000,0x00000000eab00000,0x00000000eaf00000)
  from space 1536K, 89% used [0x00000000eba00000,0x00000000ebb58000,0x00000000ebb80000)
  to   space 1536K, 0% used [0x00000000eb880000,0x00000000eb880000,0x00000000eba00000)
 ParOldGen       total 100864K, used 93408K [0x00000000c0000000, 0x00000000c6280000, 0x00000000eab00000)
  object space 100864K, 92% used [0x00000000c0000000,0x00000000c5b381b8,0x00000000c6280000)
 Metaspace       used 65057K, committed 65984K, reserved 1114112K
  class space    used 6847K, committed 7232K, reserved 1048576K
}
Event: 35.516 GC heap before
{Heap before GC invocations=54 (full 4):
 PSYoungGen      total 5632K, used 5472K [0x00000000eab00000, 0x00000000ebb80000, 0x0000000100000000)
  eden space 4096K, 100% used [0x00000000eab00000,0x00000000eaf00000,0x00000000eaf00000)
  from space 1536K, 89% used [0x00000000eba00000,0x00000000ebb58000,0x00000000ebb80000)
  to   space 1536K, 0% used [0x00000000eb880000,0x00000000eb880000,0x00000000eba00000)
 ParOldGen       total 100864K, used 93408K [0x00000000c0000000, 0x00000000c6280000, 0x00000000eab00000)
  object space 100864K, 92% used [0x00000000c0000000,0x00000000c5b381b8,0x00000000c6280000)
 Metaspace       used 65293K, committed 66240K, reserved 1114112K
  class space    used 6866K, committed 7296K, reserved 1048576K
}
Event: 35.518 GC heap after
{Heap after GC invocations=54 (full 4):
 PSYoungGen      total 5632K, used 1521K [0x00000000eab00000, 0x00000000eba80000, 0x0000000100000000)
  eden space 4096K, 0% used [0x00000000eab00000,0x00000000eab00000,0x00000000eaf00000)
  from space 1536K, 99% used [0x00000000eb880000,0x00000000eb9fc758,0x00000000eba00000)
  to   space 512K, 0% used [0x00000000eba00000,0x00000000eba00000,0x00000000eba80000)
 ParOldGen       total 100864K, used 94160K [0x00000000c0000000, 0x00000000c6280000, 0x00000000eab00000)
  object space 100864K, 93% used [0x00000000c0000000,0x00000000c5bf41b8,0x00000000c6280000)
 Metaspace       used 65293K, committed 66240K, reserved 1114112K
  class space    used 6866K, committed 7296K, reserved 1048576K
}
Event: 35.548 GC heap before
{Heap before GC invocations=55 (full 4):
 PSYoungGen      total 5632K, used 5617K [0x00000000eab00000, 0x00000000eba80000, 0x0000000100000000)
  eden space 4096K, 100% used [0x00000000eab00000,0x00000000eaf00000,0x00000000eaf00000)
  from space 1536K, 99% used [0x00000000eb880000,0x00000000eb9fc758,0x00000000eba00000)
  to   space 512K, 0% used [0x00000000eba00000,0x00000000eba00000,0x00000000eba80000)
 ParOldGen       total 100864K, used 94160K [0x00000000c0000000, 0x00000000c6280000, 0x00000000eab00000)
  object space 100864K, 93% used [0x00000000c0000000,0x00000000c5bf41b8,0x00000000c6280000)
 Metaspace       used 65327K, committed 66304K, reserved 1114112K
  class space    used 6868K, committed 7296K, reserved 1048576K
}
Event: 35.551 GC heap after
{Heap after GC invocations=55 (full 4):
 PSYoungGen      total 4608K, used 497K [0x00000000eab00000, 0x00000000eba80000, 0x0000000100000000)
  eden space 4096K, 0% used [0x00000000eab00000,0x00000000eab00000,0x00000000eaf00000)
  from space 512K, 97% used [0x00000000eba00000,0x00000000eba7c758,0x00000000eba80000)
  to   space 5632K, 0% used [0x00000000eaf80000,0x00000000eaf80000,0x00000000eb500000)
 ParOldGen       total 100864K, used 98710K [0x00000000c0000000, 0x00000000c6280000, 0x00000000eab00000)
  object space 100864K, 97% used [0x00000000c0000000,0x00000000c6065918,0x00000000c6280000)
 Metaspace       used 65327K, committed 66304K, reserved 1114112K
  class space    used 6868K, committed 7296K, reserved 1048576K
}
Event: 35.551 GC heap before
{Heap before GC invocations=56 (full 5):
 PSYoungGen      total 4608K, used 497K [0x00000000eab00000, 0x00000000eba80000, 0x0000000100000000)
  eden space 4096K, 0% used [0x00000000eab00000,0x00000000eab00000,0x00000000eaf00000)
  from space 512K, 97% used [0x00000000eba00000,0x00000000eba7c758,0x00000000eba80000)
  to   space 5632K, 0% used [0x00000000eaf80000,0x00000000eaf80000,0x00000000eb500000)
 ParOldGen       total 100864K, used 98710K [0x00000000c0000000, 0x00000000c6280000, 0x00000000eab00000)
  object space 100864K, 97% used [0x00000000c0000000,0x00000000c6065918,0x00000000c6280000)
 Metaspace       used 65327K, committed 66304K, reserved 1114112K
  class space    used 6868K, committed 7296K, reserved 1048576K
}

Dll operation events (10 events):
Event: 0.025 Loaded shared library c:\Users\Asus\.vscode\extensions\redhat.java-1.16.0-win32-x64\jre\17.0.6-win32-x86_64\bin\java.dll
Event: 0.360 Loaded shared library c:\Users\Asus\.vscode\extensions\redhat.java-1.16.0-win32-x64\jre\17.0.6-win32-x86_64\bin\zip.dll
Event: 0.382 Loaded shared library C:\Users\Asus\.vscode\extensions\redhat.java-1.16.0-win32-x64\jre\17.0.6-win32-x86_64\bin\instrument.dll
Event: 0.412 Loaded shared library C:\Users\Asus\.vscode\extensions\redhat.java-1.16.0-win32-x64\jre\17.0.6-win32-x86_64\bin\net.dll
Event: 0.414 Loaded shared library C:\Users\Asus\.vscode\extensions\redhat.java-1.16.0-win32-x64\jre\17.0.6-win32-x86_64\bin\nio.dll
Event: 0.436 Loaded shared library C:\Users\Asus\.vscode\extensions\redhat.java-1.16.0-win32-x64\jre\17.0.6-win32-x86_64\bin\zip.dll
Event: 0.462 Loaded shared library C:\Users\Asus\.vscode\extensions\redhat.java-1.16.0-win32-x64\jre\17.0.6-win32-x86_64\bin\jimage.dll
Event: 0.608 Loaded shared library c:\Users\Asus\.vscode\extensions\redhat.java-1.16.0-win32-x64\jre\17.0.6-win32-x86_64\bin\verify.dll
Event: 2.342 Loaded shared library C:\Users\Asus\AppData\Roaming\Code\User\globalStorage\redhat.java\1.16.0\config_win\org.eclipse.equinox.launcher\org.eclipse.equinox.launcher.win32.win32.x86_64_1.2.700.v20221108-1024\eclipse_11801.dll
Event: 4.863 Loaded shared library C:\Users\Asus\AppData\Local\Temp\jna-2050672\jna11535071309798550391.dll

Deoptimization events (20 events):
Event: 35.384 Thread 0x000002d8c5568d80 DEOPT PACKING pc=0x000002d8b7b39500 sp=0x000000e561efe880
Event: 35.384 Thread 0x000002d8c5568d80 DEOPT UNPACKING pc=0x000002d8b74366a3 sp=0x000000e561efe870 mode 2
Event: 35.393 Thread 0x000002d8c5568d80 Uncommon trap: trap_request=0xffffff45 fr.pc=0x000002d8b7d0c67c relative=0x000000000000015c
Event: 35.393 Thread 0x000002d8c5568d80 Uncommon trap: reason=unstable_if action=reinterpret pc=0x000002d8b7d0c67c method=org.eclipse.jdt.internal.compiler.parser.ScannerHelper.toLowerCase(C)C @ 28 c2
Event: 35.393 Thread 0x000002d8c5568d80 DEOPT PACKING pc=0x000002d8b7d0c67c sp=0x000000e561efe4c0
Event: 35.393 Thread 0x000002d8c5568d80 DEOPT UNPACKING pc=0x000002d8b74366a3 sp=0x000000e561efe460 mode 2
Event: 35.485 Thread 0x000002d8c741b6b0 DEOPT PACKING pc=0x000002d8b032a5bd sp=0x000000e5627fd320
Event: 35.485 Thread 0x000002d8c741b6b0 DEOPT UNPACKING pc=0x000002d8b7436e43 sp=0x000000e5627fc730 mode 0
Event: 35.486 Thread 0x000002d8c741b6b0 Uncommon trap: trap_request=0xffffff45 fr.pc=0x000002d8b7c220c4 relative=0x00000000000004e4
Event: 35.486 Thread 0x000002d8c741b6b0 Uncommon trap: reason=unstable_if action=reinterpret pc=0x000002d8b7c220c4 method=org.eclipse.jdt.internal.compiler.lookup.TypeSystem.getUnannotatedType(Lorg/eclipse/jdt/internal/compiler/lookup/TypeBinding;)Lorg/eclipse/jdt/internal/compiler/lookup/TypeB
Event: 35.486 Thread 0x000002d8c741b6b0 DEOPT PACKING pc=0x000002d8b7c220c4 sp=0x000000e5627fd5f0
Event: 35.486 Thread 0x000002d8c741b6b0 DEOPT UNPACKING pc=0x000002d8b74366a3 sp=0x000000e5627fd578 mode 2
Event: 35.492 Thread 0x000002d8c741b6b0 Uncommon trap: trap_request=0x00000517 fr.pc=0x000002d8b7b62468 relative=0x0000000000000448
Event: 35.492 Thread 0x000002d8c741b6b0 Uncommon trap: reason=unloaded action=reinterpret pc=0x000002d8b7b62468 method=org.eclipse.jdt.internal.compiler.parser.Scanner.disambiguatedToken(ILorg/eclipse/jdt/internal/compiler/parser/Scanner;)I @ 50 c2
Event: 35.493 Thread 0x000002d8c741b6b0 DEOPT PACKING pc=0x000002d8b7b62468 sp=0x000000e5627fe070
Event: 35.493 Thread 0x000002d8c741b6b0 DEOPT UNPACKING pc=0x000002d8b74366a3 sp=0x000000e5627fdfa0 mode 2
Event: 35.497 Thread 0x000002d8c741b6b0 Uncommon trap: trap_request=0xffffff45 fr.pc=0x000002d8b7d2f810 relative=0x0000000000000350
Event: 35.497 Thread 0x000002d8c741b6b0 Uncommon trap: reason=unstable_if action=reinterpret pc=0x000002d8b7d2f810 method=org.eclipse.jdt.core.compiler.CharOperation.equals([C[CZ)Z @ 12 c2
Event: 35.497 Thread 0x000002d8c741b6b0 DEOPT PACKING pc=0x000002d8b7d2f810 sp=0x000000e5627fe140
Event: 35.497 Thread 0x000002d8c741b6b0 DEOPT UNPACKING pc=0x000002d8b74366a3 sp=0x000000e5627fe0f0 mode 2

Classes unloaded (7 events):
Event: 3.574 Thread 0x000002d8c10a97a0 Unloading class 0x000000010021a400 'java/lang/invoke/LambdaForm$MH+0x000000010021a400'
Event: 3.574 Thread 0x000002d8c10a97a0 Unloading class 0x000000010021a000 'java/lang/invoke/LambdaForm$MH+0x000000010021a000'
Event: 3.574 Thread 0x000002d8c10a97a0 Unloading class 0x0000000100219c00 'java/lang/invoke/LambdaForm$MH+0x0000000100219c00'
Event: 3.574 Thread 0x000002d8c10a97a0 Unloading class 0x0000000100219800 'java/lang/invoke/LambdaForm$MH+0x0000000100219800'
Event: 3.574 Thread 0x000002d8c10a97a0 Unloading class 0x0000000100219000 'java/lang/invoke/LambdaForm$BMH+0x0000000100219000'
Event: 3.574 Thread 0x000002d8c10a97a0 Unloading class 0x0000000100218c00 'java/lang/invoke/LambdaForm$DMH+0x0000000100218c00'
Event: 3.574 Thread 0x000002d8c10a97a0 Unloading class 0x0000000100216000 'java/lang/invoke/LambdaForm$DMH+0x0000000100216000'

Classes redefined (0 events):
No events

Internal exceptions (20 events):
Event: 35.506 Thread 0x000002d8c741b6b0 Exception <a 'java/lang/ClassCastException'{0x00000000eae5ada0}: class org.eclipse.jdt.internal.compiler.lookup.BinaryTypeBinding cannot be cast to class org.eclipse.jdt.internal.compiler.lookup.SourceTypeBinding (org.eclipse.jdt.internal.compiler.lookup.BinaryTypeBinding and org.eclipse.jdt.internal.compiler.lookup.SourceTypeBinding are in unnamed module of loader org.eclipse.osgi.internal.loader.EquinoxClassLoader @450d5501)> (0x00000000eae5ada0) 
thrown [s\src\hotspot\share\interpreter\interpreterRuntim
Event: 35.506 Thread 0x000002d8c741b6b0 Exception <a 'java/lang/ClassCastException'{0x00000000eae5b208}: class org.eclipse.jdt.internal.compiler.lookup.BinaryTypeBinding cannot be cast to class org.eclipse.jdt.internal.compiler.lookup.SourceTypeBinding (org.eclipse.jdt.internal.compiler.lookup.BinaryTypeBinding and org.eclipse.jdt.internal.compiler.lookup.SourceTypeBinding are in unnamed module of loader org.eclipse.osgi.internal.loader.EquinoxClassLoader @450d5501)> (0x00000000eae5b208) 
thrown [s\src\hotspot\share\interpreter\interpreterRuntim
Event: 35.506 Thread 0x000002d8c741b6b0 Exception <a 'java/lang/ClassCastException'{0x00000000eae5b670}: class org.eclipse.jdt.internal.compiler.lookup.BinaryTypeBinding cannot be cast to class org.eclipse.jdt.internal.compiler.lookup.SourceTypeBinding (org.eclipse.jdt.internal.compiler.lookup.BinaryTypeBinding and org.eclipse.jdt.internal.compiler.lookup.SourceTypeBinding are in unnamed module of loader org.eclipse.osgi.internal.loader.EquinoxClassLoader @450d5501)> (0x00000000eae5b670) 
thrown [s\src\hotspot\share\interpreter\interpreterRuntim
Event: 35.506 Thread 0x000002d8c741b6b0 Exception <a 'java/lang/ClassCastException'{0x00000000eae5bad8}: class org.eclipse.jdt.internal.compiler.lookup.BinaryTypeBinding cannot be cast to class org.eclipse.jdt.internal.compiler.lookup.SourceTypeBinding (org.eclipse.jdt.internal.compiler.lookup.BinaryTypeBinding and org.eclipse.jdt.internal.compiler.lookup.SourceTypeBinding are in unnamed module of loader org.eclipse.osgi.internal.loader.EquinoxClassLoader @450d5501)> (0x00000000eae5bad8) 
thrown [s\src\hotspot\share\interpreter\interpreterRuntim
Event: 35.506 Thread 0x000002d8c741b6b0 Exception <a 'java/lang/ClassCastException'{0x00000000eae5bf40}: class org.eclipse.jdt.internal.compiler.lookup.BinaryTypeBinding cannot be cast to class org.eclipse.jdt.internal.compiler.lookup.SourceTypeBinding (org.eclipse.jdt.internal.compiler.lookup.BinaryTypeBinding and org.eclipse.jdt.internal.compiler.lookup.SourceTypeBinding are in unnamed module of loader org.eclipse.osgi.internal.loader.EquinoxClassLoader @450d5501)> (0x00000000eae5bf40) 
thrown [s\src\hotspot\share\interpreter\interpreterRuntim
Event: 35.506 Thread 0x000002d8c741b6b0 Exception <a 'java/lang/ClassCastException'{0x00000000eae5c3a8}: class org.eclipse.jdt.internal.compiler.lookup.BinaryTypeBinding cannot be cast to class org.eclipse.jdt.internal.compiler.lookup.SourceTypeBinding (org.eclipse.jdt.internal.compiler.lookup.BinaryTypeBinding and org.eclipse.jdt.internal.compiler.lookup.SourceTypeBinding are in unnamed module of loader org.eclipse.osgi.internal.loader.EquinoxClassLoader @450d5501)> (0x00000000eae5c3a8) 
thrown [s\src\hotspot\share\interpreter\interpreterRuntim
Event: 35.506 Thread 0x000002d8c741b6b0 Exception <a 'java/lang/ClassCastException'{0x00000000eae5c810}: class org.eclipse.jdt.internal.compiler.lookup.BinaryTypeBinding cannot be cast to class org.eclipse.jdt.internal.compiler.lookup.SourceTypeBinding (org.eclipse.jdt.internal.compiler.lookup.BinaryTypeBinding and org.eclipse.jdt.internal.compiler.lookup.SourceTypeBinding are in unnamed module of loader org.eclipse.osgi.internal.loader.EquinoxClassLoader @450d5501)> (0x00000000eae5c810) 
thrown [s\src\hotspot\share\interpreter\interpreterRuntim
Event: 35.506 Thread 0x000002d8c741b6b0 Exception <a 'java/lang/ClassCastException'{0x00000000eae5cc78}: class org.eclipse.jdt.internal.compiler.lookup.BinaryTypeBinding cannot be cast to class org.eclipse.jdt.internal.compiler.lookup.SourceTypeBinding (org.eclipse.jdt.internal.compiler.lookup.BinaryTypeBinding and org.eclipse.jdt.internal.compiler.lookup.SourceTypeBinding are in unnamed module of loader org.eclipse.osgi.internal.loader.EquinoxClassLoader @450d5501)> (0x00000000eae5cc78) 
thrown [s\src\hotspot\share\interpreter\interpreterRuntim
Event: 35.506 Thread 0x000002d8c741b6b0 Exception <a 'java/lang/ClassCastException'{0x00000000eae5d0e0}: class org.eclipse.jdt.internal.compiler.lookup.BinaryTypeBinding cannot be cast to class org.eclipse.jdt.internal.compiler.lookup.SourceTypeBinding (org.eclipse.jdt.internal.compiler.lookup.BinaryTypeBinding and org.eclipse.jdt.internal.compiler.lookup.SourceTypeBinding are in unnamed module of loader org.eclipse.osgi.internal.loader.EquinoxClassLoader @450d5501)> (0x00000000eae5d0e0) 
thrown [s\src\hotspot\share\interpreter\interpreterRuntim
Event: 35.506 Thread 0x000002d8c741b6b0 Exception <a 'java/lang/ClassCastException'{0x00000000eae5d548}: class org.eclipse.jdt.internal.compiler.lookup.BinaryTypeBinding cannot be cast to class org.eclipse.jdt.internal.compiler.lookup.SourceTypeBinding (org.eclipse.jdt.internal.compiler.lookup.BinaryTypeBinding and org.eclipse.jdt.internal.compiler.lookup.SourceTypeBinding are in unnamed module of loader org.eclipse.osgi.internal.loader.EquinoxClassLoader @450d5501)> (0x00000000eae5d548) 
thrown [s\src\hotspot\share\interpreter\interpreterRuntim
Event: 35.506 Thread 0x000002d8c741b6b0 Exception <a 'java/lang/ClassCastException'{0x00000000eae5d9b0}: class org.eclipse.jdt.internal.compiler.lookup.BinaryTypeBinding cannot be cast to class org.eclipse.jdt.internal.compiler.lookup.SourceTypeBinding (org.eclipse.jdt.internal.compiler.lookup.BinaryTypeBinding and org.eclipse.jdt.internal.compiler.lookup.SourceTypeBinding are in unnamed module of loader org.eclipse.osgi.internal.loader.EquinoxClassLoader @450d5501)> (0x00000000eae5d9b0) 
thrown [s\src\hotspot\share\interpreter\interpreterRuntim
Event: 35.506 Thread 0x000002d8c741b6b0 Exception <a 'java/lang/ClassCastException'{0x00000000eae5de18}: class org.eclipse.jdt.internal.compiler.lookup.BinaryTypeBinding cannot be cast to class org.eclipse.jdt.internal.compiler.lookup.SourceTypeBinding (org.eclipse.jdt.internal.compiler.lookup.BinaryTypeBinding and org.eclipse.jdt.internal.compiler.lookup.SourceTypeBinding are in unnamed module of loader org.eclipse.osgi.internal.loader.EquinoxClassLoader @450d5501)> (0x00000000eae5de18) 
thrown [s\src\hotspot\share\interpreter\interpreterRuntim
Event: 35.506 Thread 0x000002d8c741b6b0 Exception <a 'java/lang/ClassCastException'{0x00000000eae5e430}: class org.eclipse.jdt.internal.compiler.lookup.BinaryTypeBinding cannot be cast to class org.eclipse.jdt.internal.compiler.lookup.SourceTypeBinding (org.eclipse.jdt.internal.compiler.lookup.BinaryTypeBinding and org.eclipse.jdt.internal.compiler.lookup.SourceTypeBinding are in unnamed module of loader org.eclipse.osgi.internal.loader.EquinoxClassLoader @450d5501)> (0x00000000eae5e430) 
thrown [s\src\hotspot\share\interpreter\interpreterRuntim
Event: 35.506 Thread 0x000002d8c741b6b0 Exception <a 'java/lang/ClassCastException'{0x00000000eae5e898}: class org.eclipse.jdt.internal.compiler.lookup.BinaryTypeBinding cannot be cast to class org.eclipse.jdt.internal.compiler.lookup.SourceTypeBinding (org.eclipse.jdt.internal.compiler.lookup.BinaryTypeBinding and org.eclipse.jdt.internal.compiler.lookup.SourceTypeBinding are in unnamed module of loader org.eclipse.osgi.internal.loader.EquinoxClassLoader @450d5501)> (0x00000000eae5e898) 
thrown [s\src\hotspot\share\interpreter\interpreterRuntim
Event: 35.506 Thread 0x000002d8c741b6b0 Exception <a 'java/lang/ClassCastException'{0x00000000eae5ed00}: class org.eclipse.jdt.internal.compiler.lookup.BinaryTypeBinding cannot be cast to class org.eclipse.jdt.internal.compiler.lookup.SourceTypeBinding (org.eclipse.jdt.internal.compiler.lookup.BinaryTypeBinding and org.eclipse.jdt.internal.compiler.lookup.SourceTypeBinding are in unnamed module of loader org.eclipse.osgi.internal.loader.EquinoxClassLoader @450d5501)> (0x00000000eae5ed00) 
thrown [s\src\hotspot\share\interpreter\interpreterRuntim
Event: 35.506 Thread 0x000002d8c741b6b0 Exception <a 'java/lang/ClassCastException'{0x00000000eae5f3b0}: class org.eclipse.jdt.internal.compiler.lookup.BinaryTypeBinding cannot be cast to class org.eclipse.jdt.internal.compiler.lookup.SourceTypeBinding (org.eclipse.jdt.internal.compiler.lookup.BinaryTypeBinding and org.eclipse.jdt.internal.compiler.lookup.SourceTypeBinding are in unnamed module of loader org.eclipse.osgi.internal.loader.EquinoxClassLoader @450d5501)> (0x00000000eae5f3b0) 
thrown [s\src\hotspot\share\interpreter\interpreterRuntim
Event: 35.506 Thread 0x000002d8c741b6b0 Exception <a 'java/lang/ClassCastException'{0x00000000eae5f818}: class org.eclipse.jdt.internal.compiler.lookup.BinaryTypeBinding cannot be cast to class org.eclipse.jdt.internal.compiler.lookup.SourceTypeBinding (org.eclipse.jdt.internal.compiler.lookup.BinaryTypeBinding and org.eclipse.jdt.internal.compiler.lookup.SourceTypeBinding are in unnamed module of loader org.eclipse.osgi.internal.loader.EquinoxClassLoader @450d5501)> (0x00000000eae5f818) 
thrown [s\src\hotspot\share\interpreter\interpreterRuntim
Event: 35.506 Thread 0x000002d8c741b6b0 Exception <a 'java/lang/ClassCastException'{0x00000000eae5fc80}: class org.eclipse.jdt.internal.compiler.lookup.BinaryTypeBinding cannot be cast to class org.eclipse.jdt.internal.compiler.lookup.SourceTypeBinding (org.eclipse.jdt.internal.compiler.lookup.BinaryTypeBinding and org.eclipse.jdt.internal.compiler.lookup.SourceTypeBinding are in unnamed module of loader org.eclipse.osgi.internal.loader.EquinoxClassLoader @450d5501)> (0x00000000eae5fc80) 
thrown [s\src\hotspot\share\interpreter\interpreterRuntim
Event: 35.506 Thread 0x000002d8c741b6b0 Exception <a 'java/lang/ClassCastException'{0x00000000eae600e8}: class org.eclipse.jdt.internal.compiler.lookup.BinaryTypeBinding cannot be cast to class org.eclipse.jdt.internal.compiler.lookup.SourceTypeBinding (org.eclipse.jdt.internal.compiler.lookup.BinaryTypeBinding and org.eclipse.jdt.internal.compiler.lookup.SourceTypeBinding are in unnamed module of loader org.eclipse.osgi.internal.loader.EquinoxClassLoader @450d5501)> (0x00000000eae600e8) 
thrown [s\src\hotspot\share\interpreter\interpreterRuntim
Event: 35.506 Thread 0x000002d8c741b6b0 Exception <a 'java/lang/ClassCastException'{0x00000000eae60550}: class org.eclipse.jdt.internal.compiler.lookup.BinaryTypeBinding cannot be cast to class org.eclipse.jdt.internal.compiler.lookup.SourceTypeBinding (org.eclipse.jdt.internal.compiler.lookup.BinaryTypeBinding and org.eclipse.jdt.internal.compiler.lookup.SourceTypeBinding are in unnamed module of loader org.eclipse.osgi.internal.loader.EquinoxClassLoader @450d5501)> (0x00000000eae60550) 
thrown [s\src\hotspot\share\interpreter\interpreterRuntim

VM Operations (20 events):
Event: 35.047 Executing VM operation: ParallelGCFailedAllocation done
Event: 35.078 Executing VM operation: ParallelGCFailedAllocation
Event: 35.080 Executing VM operation: ParallelGCFailedAllocation done
Event: 35.210 Executing VM operation: ParallelGCFailedAllocation
Event: 35.212 Executing VM operation: ParallelGCFailedAllocation done
Event: 35.410 Executing VM operation: HandshakeAllThreads
Event: 35.410 Executing VM operation: HandshakeAllThreads done
Event: 35.419 Executing VM operation: HandshakeAllThreads
Event: 35.419 Executing VM operation: HandshakeAllThreads done
Event: 35.428 Executing VM operation: HandshakeAllThreads
Event: 35.428 Executing VM operation: HandshakeAllThreads done
Event: 35.428 Executing VM operation: HandshakeAllThreads
Event: 35.428 Executing VM operation: HandshakeAllThreads done
Event: 35.431 Executing VM operation: HandshakeAllThreads
Event: 35.431 Executing VM operation: HandshakeAllThreads done
Event: 35.445 Executing VM operation: ParallelGCFailedAllocation
Event: 35.448 Executing VM operation: ParallelGCFailedAllocation done
Event: 35.516 Executing VM operation: ParallelGCFailedAllocation
Event: 35.518 Executing VM operation: ParallelGCFailedAllocation done
Event: 35.548 Executing VM operation: ParallelGCFailedAllocation

Events (20 events):
Event: 33.365 loading class java/util/stream/Node$Builder$OfInt
Event: 33.365 loading class java/util/stream/Node$Builder$OfInt done
Event: 33.365 loading class java/util/stream/Nodes$IntArrayNode
Event: 33.365 loading class java/util/stream/Nodes$IntArrayNode done
Event: 33.365 loading class java/util/stream/Nodes$IntFixedNodeBuilder done
Event: 33.365 loading class java/util/stream/ReferencePipeline$4$1
Event: 33.365 loading class java/util/stream/ReferencePipeline$4$1 done
Event: 34.372 Thread 0x000002d8c8ba4ff0 Thread exited: 0x000002d8c8ba4ff0
Event: 34.374 Thread 0x000002d8c5b6eb30 Thread exited: 0x000002d8c5b6eb30
Event: 34.580 Thread 0x000002d8c8ba4ff0 Thread added: 0x000002d8c8ba4ff0
Event: 34.701 Thread 0x000002d8cb767490 Thread added: 0x000002d8cb767490
Event: 35.279 Thread 0x000002d8c8ba4ff0 Thread exited: 0x000002d8c8ba4ff0
Event: 35.279 Thread 0x000002d8cb767490 Thread exited: 0x000002d8cb767490
Event: 35.407 Thread 0x000002d8cb767490 Thread added: 0x000002d8cb767490
Event: 35.432 Thread 0x000002d8c2bd8470 flushing nmethod 0x000002d8b0054690
Event: 35.432 Thread 0x000002d8c2bd8470 flushing nmethod 0x000002d8b0055410
Event: 35.434 Thread 0x000002d8c2bd8470 flushing nmethod 0x000002d8b0276f90
Event: 35.439 Thread 0x000002d8c2bd8470 flushing nmethod 0x000002d8b08f2f10
Event: 35.439 Thread 0x000002d8c2bd8470 flushing nmethod 0x000002d8b08f5a90
Event: 35.442 Thread 0x000002d8c8ba4ff0 Thread added: 0x000002d8c8ba4ff0


Dynamic libraries:
0x00007ff703370000 - 0x00007ff70337e000 	c:\Users\Asus\.vscode\extensions\redhat.java-1.16.0-win32-x64\jre\17.0.6-win32-x86_64\bin\java.exe
0x00007ffbe0310000 - 0x00007ffbe0508000 	C:\WINDOWS\SYSTEM32\ntdll.dll
0x00007ffbe0040000 - 0x00007ffbe00ff000 	C:\WINDOWS\System32\KERNEL32.DLL
0x00007ffbddb60000 - 0x00007ffbdde32000 	C:\WINDOWS\System32\KERNELBASE.dll
0x00007ffbdad10000 - 0x00007ffbdada0000 	C:\WINDOWS\SYSTEM32\apphelp.dll
0x00007ffbddeb0000 - 0x00007ffbddfb0000 	C:\WINDOWS\System32\ucrtbase.dll
0x00007ffbc19c0000 - 0x00007ffbc19d7000 	c:\Users\Asus\.vscode\extensions\redhat.java-1.16.0-win32-x64\jre\17.0.6-win32-x86_64\bin\jli.dll
0x00007ffbdf170000 - 0x00007ffbdf311000 	C:\WINDOWS\System32\USER32.dll
0x00007ffbde050000 - 0x00007ffbde072000 	C:\WINDOWS\System32\win32u.dll
0x00007ffbdfae0000 - 0x00007ffbdfb0b000 	C:\WINDOWS\System32\GDI32.dll
0x00007ffbde140000 - 0x00007ffbde24f000 	C:\WINDOWS\System32\gdi32full.dll
0x00007ffbddfb0000 - 0x00007ffbde04d000 	C:\WINDOWS\System32\msvcp_win.dll
0x00007ffbc6640000 - 0x00007ffbc6659000 	c:\Users\Asus\.vscode\extensions\redhat.java-1.16.0-win32-x64\jre\17.0.6-win32-x86_64\bin\VCRUNTIME140.dll
0x00007ffbcb5f0000 - 0x00007ffbcb88a000 	C:\WINDOWS\WinSxS\amd64_microsoft.windows.common-controls_6595b64144ccf1df_6.0.19041.1110_none_60b5254171f9507e\COMCTL32.dll
0x00007ffbdfb70000 - 0x00007ffbdfc0e000 	C:\WINDOWS\System32\msvcrt.dll
0x00007ffbdeb90000 - 0x00007ffbdebc2000 	C:\WINDOWS\System32\IMM32.DLL
0x00007ffbbec10000 - 0x00007ffbbec1c000 	c:\Users\Asus\.vscode\extensions\redhat.java-1.16.0-win32-x64\jre\17.0.6-win32-x86_64\bin\vcruntime140_1.dll
0x00007ffbb1340000 - 0x00007ffbb13d1000 	c:\Users\Asus\.vscode\extensions\redhat.java-1.16.0-win32-x64\jre\17.0.6-win32-x86_64\bin\msvcp140.dll
0x00007ffb74f50000 - 0x00007ffb75b97000 	c:\Users\Asus\.vscode\extensions\redhat.java-1.16.0-win32-x64\jre\17.0.6-win32-x86_64\bin\server\jvm.dll
0x00007ffbdf3b0000 - 0x00007ffbdf45e000 	C:\WINDOWS\System32\ADVAPI32.dll
0x00007ffbe0230000 - 0x00007ffbe02cc000 	C:\WINDOWS\System32\sechost.dll
0x00007ffbdff10000 - 0x00007ffbe0035000 	C:\WINDOWS\System32\RPCRT4.dll
0x00007ffbd7240000 - 0x00007ffbd7249000 	C:\WINDOWS\SYSTEM32\WSOCK32.dll
0x00007ffbdfe40000 - 0x00007ffbdfeab000 	C:\WINDOWS\System32\WS2_32.dll
0x00007ffbd8260000 - 0x00007ffbd826a000 	C:\WINDOWS\SYSTEM32\VERSION.dll
0x00007ffbce630000 - 0x00007ffbce657000 	C:\WINDOWS\SYSTEM32\WINMM.dll
0x00007ffbdc250000 - 0x00007ffbdc262000 	C:\WINDOWS\SYSTEM32\kernel.appcore.dll
0x00007ffbbec00000 - 0x00007ffbbec0a000 	c:\Users\Asus\.vscode\extensions\redhat.java-1.16.0-win32-x64\jre\17.0.6-win32-x86_64\bin\jimage.dll
0x00007ffbdb7d0000 - 0x00007ffbdb9b4000 	C:\WINDOWS\SYSTEM32\DBGHELP.DLL
0x00007ffbd5a60000 - 0x00007ffbd5a95000 	C:\WINDOWS\SYSTEM32\dbgcore.DLL
0x00007ffbde080000 - 0x00007ffbde102000 	C:\WINDOWS\System32\bcryptPrimitives.dll
0x00007ffbbe7c0000 - 0x00007ffbbe7ce000 	c:\Users\Asus\.vscode\extensions\redhat.java-1.16.0-win32-x64\jre\17.0.6-win32-x86_64\bin\instrument.dll
0x00007ffbbbbd0000 - 0x00007ffbbbbf5000 	c:\Users\Asus\.vscode\extensions\redhat.java-1.16.0-win32-x64\jre\17.0.6-win32-x86_64\bin\java.dll
0x00007ffbb5160000 - 0x00007ffbb5178000 	c:\Users\Asus\.vscode\extensions\redhat.java-1.16.0-win32-x64\jre\17.0.6-win32-x86_64\bin\zip.dll
0x00007ffbde440000 - 0x00007ffbdeb85000 	C:\WINDOWS\System32\SHELL32.dll
0x00007ffbdbaa0000 - 0x00007ffbdc232000 	C:\WINDOWS\SYSTEM32\windows.storage.dll
0x00007ffbdf780000 - 0x00007ffbdfad5000 	C:\WINDOWS\System32\combase.dll
0x00007ffbdd460000 - 0x00007ffbdd490000 	C:\WINDOWS\SYSTEM32\Wldp.dll
0x00007ffbdf040000 - 0x00007ffbdf0ed000 	C:\WINDOWS\System32\SHCORE.dll
0x00007ffbdfeb0000 - 0x00007ffbdff05000 	C:\WINDOWS\System32\shlwapi.dll
0x00007ffbdd940000 - 0x00007ffbdd95f000 	C:\WINDOWS\SYSTEM32\profapi.dll
0x00007ffbb2550000 - 0x00007ffbb2569000 	C:\Users\Asus\.vscode\extensions\redhat.java-1.16.0-win32-x64\jre\17.0.6-win32-x86_64\bin\net.dll
0x00007ffbd6460000 - 0x00007ffbd656c000 	C:\WINDOWS\SYSTEM32\WINHTTP.dll
0x00007ffbdd1c0000 - 0x00007ffbdd22a000 	C:\WINDOWS\system32\mswsock.dll
0x00007ffbb2530000 - 0x00007ffbb2545000 	C:\Users\Asus\.vscode\extensions\redhat.java-1.16.0-win32-x64\jre\17.0.6-win32-x86_64\bin\nio.dll
0x00007ffbbe760000 - 0x00007ffbbe770000 	c:\Users\Asus\.vscode\extensions\redhat.java-1.16.0-win32-x64\jre\17.0.6-win32-x86_64\bin\verify.dll
0x00007ffbb1300000 - 0x00007ffbb133e000 	C:\Users\Asus\AppData\Roaming\Code\User\globalStorage\redhat.java\1.16.0\config_win\org.eclipse.equinox.launcher\org.eclipse.equinox.launcher.win32.win32.x86_64_1.2.700.v20221108-1024\eclipse_11801.dll
0x00007ffbe0100000 - 0x00007ffbe022a000 	C:\WINDOWS\System32\ole32.dll
0x00007ffbdd3c0000 - 0x00007ffbdd3d8000 	C:\WINDOWS\SYSTEM32\CRYPTSP.dll
0x00007ffbdca70000 - 0x00007ffbdcaa4000 	C:\WINDOWS\system32\rsaenh.dll
0x00007ffbde110000 - 0x00007ffbde137000 	C:\WINDOWS\System32\bcrypt.dll
0x00007ffbdd8c0000 - 0x00007ffbdd8ee000 	C:\WINDOWS\SYSTEM32\USERENV.dll
0x00007ffbdd3b0000 - 0x00007ffbdd3bc000 	C:\WINDOWS\SYSTEM32\CRYPTBASE.dll
0x00007ffbdce60000 - 0x00007ffbdce9b000 	C:\WINDOWS\SYSTEM32\IPHLPAPI.DLL
0x00007ffbdfdd0000 - 0x00007ffbdfdd8000 	C:\WINDOWS\System32\NSI.dll
0x00007ffbd6b20000 - 0x00007ffbd6b37000 	C:\WINDOWS\SYSTEM32\dhcpcsvc6.DLL
0x00007ffbd77e0000 - 0x00007ffbd77fd000 	C:\WINDOWS\SYSTEM32\dhcpcsvc.DLL
0x00007ffbdcea0000 - 0x00007ffbdcf6b000 	C:\WINDOWS\SYSTEM32\DNSAPI.dll
0x00007ffbbd320000 - 0x00007ffbbd365000 	C:\Users\Asus\AppData\Local\Temp\jna-2050672\jna11535071309798550391.dll
0x00007ffbdfdc0000 - 0x00007ffbdfdc8000 	C:\WINDOWS\System32\PSAPI.DLL

dbghelp: loaded successfully - version: 4.0.5 - missing functions: none
symbol engine: initialized successfully - sym options: 0x614 - pdb path: .;c:\Users\Asus\.vscode\extensions\redhat.java-1.16.0-win32-x64\jre\17.0.6-win32-x86_64\bin;C:\WINDOWS\SYSTEM32;C:\WINDOWS\WinSxS\amd64_microsoft.windows.common-controls_6595b64144ccf1df_6.0.19041.1110_none_60b5254171f9507e;c:\Users\Asus\.vscode\extensions\redhat.java-1.16.0-win32-x64\jre\17.0.6-win32-x86_64\bin\server;C:\Users\Asus\AppData\Roaming\Code\User\globalStorage\redhat.java\1.16.0\config_win\org.eclipse.equinox.launcher\org.eclipse.equinox.launcher.win32.win32.x86_64_1.2.700.v20221108-1024;C:\Users\Asus\AppData\Local\Temp\jna-2050672

VM Arguments:
jvm_args: --add-modules=ALL-SYSTEM --add-opens=java.base/java.util=ALL-UNNAMED --add-opens=java.base/java.lang=ALL-UNNAMED --add-opens=java.base/sun.nio.fs=ALL-UNNAMED -Declipse.application=org.eclipse.jdt.ls.core.id1 -Dosgi.bundles.defaultStartLevel=4 -Declipse.product=org.eclipse.jdt.ls.core.product -Djava.import.generatesMetadataFilesAtProjectRoot=false -Dfile.encoding=utf8 -XX:+UseParallelGC -XX:GCTimeRatio=4 -XX:AdaptiveSizePolicyWeight=90 -Dsun.zip.disableMemoryMapping=true -Xmx1G -Xms100m -Xlog:disable -javaagent:c:\Users\Asus\.vscode\extensions\redhat.java-1.16.0-win32-x64\lombok\lombok-1.18.24.jar -XX:+HeapDumpOnOutOfMemoryError -XX:HeapDumpPath=c:\Users\Asus\AppData\Roaming\Code\User\workspaceStorage\87fad0421a21da747955e94ad1482091\redhat.java 
java_command: c:\Users\Asus\.vscode\extensions\redhat.java-1.16.0-win32-x64\server\plugins\org.eclipse.equinox.launcher_1.6.400.v20210924-0641.jar -configuration c:\Users\Asus\AppData\Roaming\Code\User\globalStorage\redhat.java\1.16.0\config_win -data c:\Users\Asus\AppData\Roaming\Code\User\workspaceStorage\87fad0421a21da747955e94ad1482091\redhat.java\jdt_ws
java_class_path (initial): c:\Users\Asus\.vscode\extensions\redhat.java-1.16.0-win32-x64\server\plugins\org.eclipse.equinox.launcher_1.6.400.v20210924-0641.jar
Launcher Type: SUN_STANDARD

[Global flags]
    uintx AdaptiveSizePolicyWeight                 = 90                                        {product} {command line}
     intx CICompilerCount                          = 4                                         {product} {ergonomic}
    uintx GCTimeRatio                              = 4                                         {product} {command line}
     bool HeapDumpOnOutOfMemoryError               = true                                   {manageable} {command line}
    ccstr HeapDumpPath                             = c:\Users\Asus\AppData\Roaming\Code\User\workspaceStorage\87fad0421a21da747955e94ad1482091\redhat.java         {manageable} {command line}
   size_t InitialHeapSize                          = 104857600                                 {product} {command line}
   size_t MaxHeapSize                              = 1073741824                                {product} {command line}
   size_t MaxNewSize                               = 357564416                                 {product} {ergonomic}
   size_t MinHeapDeltaBytes                        = 524288                                    {product} {ergonomic}
   size_t MinHeapSize                              = 104857600                                 {product} {command line}
   size_t NewSize                                  = 34603008                                  {product} {ergonomic}
    uintx NonNMethodCodeHeapSize                   = 5839372                                {pd product} {ergonomic}
    uintx NonProfiledCodeHeapSize                  = 122909434                              {pd product} {ergonomic}
   size_t OldSize                                  = 70254592                                  {product} {ergonomic}
    uintx ProfiledCodeHeapSize                     = 122909434                              {pd product} {ergonomic}
    uintx ReservedCodeCacheSize                    = 251658240                              {pd product} {ergonomic}
     bool SegmentedCodeCache                       = true                                      {product} {ergonomic}
   size_t SoftMaxHeapSize                          = 1073741824                             {manageable} {ergonomic}
     bool UseCompressedClassPointers               = true                           {product lp64_product} {ergonomic}
     bool UseCompressedOops                        = true                           {product lp64_product} {ergonomic}
     bool UseLargePagesIndividualAllocation        = false                                  {pd product} {ergonomic}
     bool UseParallelGC                            = true                                      {product} {command line}

Logging:
Log output configuration:
 #0: stdout all=off uptime,level,tags
 #1: stderr all=off uptime,level,tags

Environment Variables:
PATH=D:\Java\jdk-17.0.4.1\bin;C:\Perl64\site\bin;C:\Perl64\bin;C:\Program Files\Common Files\Oracle\Java\javapath;C:\Program Files (x86)\Intel\Intel(R) Management Engine Components\iCLS\;C:\Program Files\Intel\Intel(R) Management Engine Components\iCLS\;C:\Windows\system32;C:\Windows;C:\Windows\System32\Wbem;C:\Windows\System32\WindowsPowerShell\v1.0\;C:\Windows\System32\OpenSSH\;C:\Program Files (x86)\NVIDIA Corporation\PhysX\Common;C:\Program Files (x86)\Intel\Intel(R) Management Engine Components\DAL;C:\Program Files\Intel\Intel(R) Management Engine Components\DAL;C:\Program Files (x86)\Intel\Intel(R) Management Engine Components\IPT;C:\Program Files\Intel\Intel(R) Management Engine Components\IPT;D:\Microchip\MPLAB C32 Suite\bin;D:\Git\cmd;D:\xampp\php;C:\WINDOWS\system32;C:\WINDOWS;C:\WINDOWS\System32\Wbem;C:\WINDOWS\System32\WindowsPowerShell\v1.0\;C:\WINDOWS\System32\OpenSSH\;C:\Dev-Cpp\MinGW32\bin;C:\GnuWin32\bin;C:\Users\Asus\AppData\Local\Programs\Python\Python39;C:\Users\Asus\AppData\Local\Programs\Python\Python39\Scripts;C:\Program Files\MATLAB\R2022a\bin;C:\Program Files\dotnet\;C:\Users\Asus\AppData\Local\Microsoft\WindowsApps;D:\heroku\bin;C:\Users\Asus\AppData\Local\Programs\Microsoft VS Code\bin;C:\Program Files\KORAT\;C:\Users\Asus\.dotnet\tools;C:\Users\Asus\AppData\Local\GitHubDesktop\bin
USERNAME=Asus
OS=Windows_NT
PROCESSOR_IDENTIFIER=Intel64 Family 6 Model 142 Stepping 10, GenuineIntel
TMP=C:\Users\Asus\AppData\Local\Temp
TEMP=C:\Users\Asus\AppData\Local\Temp



---------------  S Y S T E M  ---------------

OS:
 Windows 10 , 64 bit Build 19041 (10.0.19041.2546)
OS uptime: 13 days 8:10 hours

CPU: total 8 (initial active 8) (4 cores per cpu, 2 threads per core) family 6 model 142 stepping 10 microcode 0xb4, cx8, cmov, fxsr, ht, mmx, 3dnowpref, sse, sse2, sse3, ssse3, sse4.1, sse4.2, popcnt, lzcnt, tsc, tscinvbit, avx, avx2, aes, erms, clmul, bmi1, bmi2, adx, fma, vzeroupper, clflush, clflushopt

Memory: 4k page, system-wide physical 12169M (4139M free)
TotalPageFile size 14025M (AvailPageFile size 3410M)
current process WorkingSet (physical memory assigned to process): 315M, peak: 315M
current process commit charge ("private bytes"): 353M, peak: 380M

vm_info: OpenJDK 64-Bit Server VM (17.0.6+10) for windows-amd64 JRE (17.0.6+10), built on Jan 18 2023 10:08:59 by "temurin" with MS VC++ 16.7 (VS2019)

END.
